<?xml version="1.0" encoding="UTF-8" ?>
<testsuite tests="34" failures="0" name="com.bdd.runner.RunnerTest" time="28.529" errors="0" skipped="0">
  <properties>
    <property name="java.runtime.name" value="Java(TM) SE Runtime Environment"/>
    <property name="java.vm.version" value="11.0.23+7-LTS-222"/>
    <property name="sun.boot.library.path" value="C:\Program Files\Java\jdk-11\bin"/>
    <property name="maven.multiModuleProjectDirectory" value="C:\Users\roman\Desktop\testing-automation"/>
    <property name="java.vm.vendor" value="Oracle Corporation"/>
    <property name="java.vendor.url" value="https://openjdk.java.net/"/>
    <property name="guice.disable.misplaced.annotation.check" value="true"/>
    <property name="path.separator" value=";"/>
    <property name="java.vm.name" value="Java HotSpot(TM) 64-Bit Server VM"/>
    <property name="sun.os.patch.level" value=""/>
    <property name="user.script" value=""/>
    <property name="user.country" value="ES"/>
    <property name="sun.java.launcher" value="SUN_STANDARD"/>
    <property name="java.vm.specification.name" value="Java Virtual Machine Specification"/>
    <property name="user.dir" value="C:\Users\roman\Desktop\testing-automation"/>
    <property name="java.vm.compressedOopsMode" value="Zero based"/>
    <property name="java.runtime.version" value="11.0.23+7-LTS-222"/>
    <property name="java.awt.graphicsenv" value="sun.awt.Win32GraphicsEnvironment"/>
    <property name="os.arch" value="amd64"/>
    <property name="java.io.tmpdir" value="C:\Users\roman\AppData\Local\Temp\"/>
    <property name="line.separator" value="
"/>
    <property name="java.vm.specification.vendor" value="Oracle Corporation"/>
    <property name="user.variant" value=""/>
    <property name="os.name" value="Windows 11"/>
    <property name="classworlds.conf" value="C:\apache-maven-3.8.2\bin\m2.conf"/>
    <property name="sun.jnu.encoding" value="Cp1252"/>
    <property name="java.library.path" value="C:\Program Files\Java\jdk-11\bin;C:\WINDOWS\Sun\Java\bin;C:\WINDOWS\system32;C:\WINDOWS;C:\Program Files\Common Files\Oracle\Java\javapath;C:\Windows\system32;C:\Windows;C:\Windows\System32\Wbem;C:\Windows\System32\WindowsPowerShell\v1.0\;C:\Windows\System32\OpenSSH\;C:\Program Files (x86)\NVIDIA Corporation\PhysX\Common;C:\WINDOWS\system32;C:\WINDOWS;C:\WINDOWS\System32\Wbem;C:\WINDOWS\System32\WindowsPowerShell\v1.0\;C:\WINDOWS\System32\OpenSSH\;C:\Program Files\Microsoft SQL Server\Client SDK\ODBC\170\Tools\Binn\;C:\Program Files (x86)\Microsoft SQL Server\150\Tools\Binn\;C:\Program Files\Microsoft SQL Server\150\Tools\Binn\;C:\Program Files\Microsoft SQL Server\150\DTS\Binn\;C:\Program Files\Azure Data Studio\bin;C:\apache-maven-3.8.2\bin;C:\Program Files\Git\cmd;C:\Program Files\nodejs\;C:\Program Files\dotnet\;C:\Program Files\NVIDIA Corporation\NVIDIA app\NvDLISR;C:\Program Files\Java\jdk-11\bin;C:\Python\Python311\Scripts\;C:\Python\Python311\;C:\Users\roman\AppData\Local\Microsoft\WindowsApps;;C:\Users\roman\AppData\Local\Programs\Microsoft VS Code\bin;C:\Program Files\Azure Data Studio\bin;C:\Program Files\JetBrains\IntelliJ IDEA Community Edition 2021.2.2\bin;;C:\Users\roman\AppData\Roaming\npm;."/>
    <property name="maven.conf" value="C:\apache-maven-3.8.2/conf"/>
    <property name="jdk.debug" value="release"/>
    <property name="java.class.version" value="55.0"/>
    <property name="java.specification.name" value="Java Platform API Specification"/>
    <property name="sun.management.compiler" value="HotSpot 64-Bit Tiered Compilers"/>
    <property name="os.version" value="10.0"/>
    <property name="user.home" value="C:\Users\roman"/>
    <property name="user.timezone" value="America/Lima"/>
    <property name="java.awt.printerjob" value="sun.awt.windows.WPrinterJob"/>
    <property name="file.encoding" value="Cp1252"/>
    <property name="java.specification.version" value="11"/>
    <property name="cucumber.filter.tags" value="@ESCENARIO_PARABANK"/>
    <property name="user.name" value="roman"/>
    <property name="java.class.path" value="C:\apache-maven-3.8.2\boot\plexus-classworlds-2.6.0.jar"/>
    <property name="java.vm.specification.version" value="11"/>
    <property name="sun.arch.data.model" value="64"/>
    <property name="sun.java.command" value="org.codehaus.plexus.classworlds.launcher.Launcher test -Dcucumber.filter.tags=@ESCENARIO_PARABANK"/>
    <property name="java.home" value="C:\Program Files\Java\jdk-11"/>
    <property name="user.language" value="es"/>
    <property name="java.specification.vendor" value="Oracle Corporation"/>
    <property name="awt.toolkit" value="sun.awt.windows.WToolkit"/>
    <property name="java.vm.info" value="mixed mode"/>
    <property name="java.version" value="11.0.23"/>
    <property name="java.vendor" value="Oracle Corporation"/>
    <property name="sun.stderr.encoding" value="cp850"/>
    <property name="java.specification.maintenance.version" value="2"/>
    <property name="maven.home" value="C:\apache-maven-3.8.2"/>
    <property name="file.separator" value="\"/>
    <property name="java.version.date" value="2024-04-16"/>
    <property name="java.vendor.url.bug" value="https://bugreport.java.com/bugreport/"/>
    <property name="sun.io.unicode.encoding" value="UnicodeLittle"/>
    <property name="sun.cpu.endian" value="little"/>
    <property name="java.vendor.version" value="18.9"/>
    <property name="sun.stdout.encoding" value="cp850"/>
    <property name="sun.desktop" value="windows"/>
    <property name="sun.cpu.isalist" value="amd64"/>
  </properties>
  <testcase classname="Registro exitoso de un nuevo usuario" name="que el usuario abre la pagina en el navegador &quot;chrome&quot;" time="4.61"/>
  <testcase classname="Registro exitoso de un nuevo usuario" name="hace clic en el enlace de Register" time="0.837"/>
  <testcase classname="Registro exitoso de un nuevo usuario" name="ingresa &quot;Juan&quot; en el campo First Name" time="0.241"/>
  <testcase classname="Registro exitoso de un nuevo usuario" name="ingresa &quot;Flores&quot; en el campo Last Name" time="0.241"/>
  <testcase classname="Registro exitoso de un nuevo usuario" name="ingresa &quot;Calle 123&quot; en el campo Address" time="0.252"/>
  <testcase classname="Registro exitoso de un nuevo usuario" name="ingresa &quot;Madrid&quot; en el campo City" time="0.312"/>
  <testcase classname="Registro exitoso de un nuevo usuario" name="ingresa &quot;Madrid&quot; en el campo State" time="0.23"/>
  <testcase classname="Registro exitoso de un nuevo usuario" name="ingresa &quot;28001&quot; en el campo Zip Code" time="0.246"/>
  <testcase classname="Registro exitoso de un nuevo usuario" name="ingresa &quot;555-0101&quot; en el campo Phone" time="0.237"/>
  <testcase classname="Registro exitoso de un nuevo usuario" name="ingresa &quot;123-45-6789&quot; en el campo SSN" time="0.241"/>
  <testcase classname="Registro exitoso de un nuevo usuario" name="ingresa &quot;testingEncora4&quot; en el campo Username" time="0.281"/>
  <testcase classname="Registro exitoso de un nuevo usuario" name="ingresa &quot;testing1997&quot; en el campo Password" time="0.238"/>
  <testcase classname="Registro exitoso de un nuevo usuario" name="ingresa &quot;testing1997&quot; en el campo Confirm Password" time="0.221"/>
  <testcase classname="Registro exitoso de un nuevo usuario" name="hace clic en el boton Register" time="0.618"/>
  <testcase classname="Registro exitoso de un nuevo usuario" name="visualiza el mensaje &quot;Your account was created successfully. You are now logged in.&quot;" time="0.177"/>
  <testcase classname="Registro exitoso de un nuevo usuario" name="accede a la pagina de inicio de sesion para autenticarse con &quot;testingEncora4&quot; y &quot;testing1997&quot;" time="1.666"/>
  <testcase classname="Registro exitoso de un nuevo usuario" name="Registro exitoso de un nuevo usuario" time="2.013"/>
  <testcase classname="Registro exitoso de un nuevo usuario" name="que el usuario abre la pagina en el navegador &quot;edge&quot;" time="3.413"/>
  <testcase classname="Registro exitoso de un nuevo usuario" name="hace clic en el enlace de Register" time="1.112"/>
  <testcase classname="Registro exitoso de un nuevo usuario" name="ingresa &quot;Juan&quot; en el campo First Name" time="0.248"/>
  <testcase classname="Registro exitoso de un nuevo usuario" name="ingresa &quot;Flores&quot; en el campo Last Name" time="0.258"/>
  <testcase classname="Registro exitoso de un nuevo usuario" name="ingresa &quot;Calle 123&quot; en el campo Address" time="0.25"/>
  <testcase classname="Registro exitoso de un nuevo usuario" name="ingresa &quot;Madrid&quot; en el campo City" time="0.224"/>
  <testcase classname="Registro exitoso de un nuevo usuario" name="ingresa &quot;Madrid&quot; en el campo State" time="0.239"/>
  <testcase classname="Registro exitoso de un nuevo usuario" name="ingresa &quot;28001&quot; en el campo Zip Code" time="0.236"/>
  <testcase classname="Registro exitoso de un nuevo usuario" name="ingresa &quot;555-0101&quot; en el campo Phone" time="0.251"/>
  <testcase classname="Registro exitoso de un nuevo usuario" name="ingresa &quot;123-45-6789&quot; en el campo SSN" time="0.248"/>
  <testcase classname="Registro exitoso de un nuevo usuario" name="ingresa &quot;testingEncora5&quot; en el campo Username" time="0.244"/>
  <testcase classname="Registro exitoso de un nuevo usuario" name="ingresa &quot;testing1997&quot; en el campo Password" time="0.264"/>
  <testcase classname="Registro exitoso de un nuevo usuario" name="ingresa &quot;testing1997&quot; en el campo Confirm Password" time="0.288"/>
  <testcase classname="Registro exitoso de un nuevo usuario" name="hace clic en el boton Register" time="0.942"/>
  <testcase classname="Registro exitoso de un nuevo usuario" name="visualiza el mensaje &quot;Your account was created successfully. You are now logged in.&quot;" time="0.187"/>
  <testcase classname="Registro exitoso de un nuevo usuario" name="accede a la pagina de inicio de sesion para autenticarse con &quot;testingEncora5&quot; y &quot;testing1997&quot;" time="2.095"/>
  <testcase classname="Registro exitoso de un nuevo usuario" name="Registro exitoso de un nuevo usuario" time="5.369"/>
</testsuite>